<?xml version="1.0" encoding="UTF-8"?>
<testng-results skipped="0" failed="0" ignored="0" total="1" passed="1">
  <reporter-output>
  </reporter-output>
  <suite name="Default suite" duration-ms="20930" started-at="2017-10-14T09:43:09Z" finished-at="2017-10-14T09:43:30Z">
    <groups>
    </groups>
    <test name="Default test" duration-ms="20930" started-at="2017-10-14T09:43:09Z" finished-at="2017-10-14T09:43:30Z">
      <class name="NewTest">
        <test-method status="PASS" signature="beforeSuite()[pri:0, instance:NewTest@2805c96b]" name="beforeSuite" is-config="true" duration-ms="10" started-at="2017-10-14T17:43:09Z" finished-at="2017-10-14T17:43:09Z">
          <reporter-output>
          </reporter-output>
        </test-method> <!-- beforeSuite -->
        <test-method status="PASS" signature="beforeTest()[pri:0, instance:NewTest@2805c96b]" name="beforeTest" is-config="true" duration-ms="0" started-at="2017-10-14T17:43:09Z" finished-at="2017-10-14T17:43:09Z">
          <reporter-output>
          </reporter-output>
        </test-method> <!-- beforeTest -->
        <test-method status="PASS" signature="beforeClass()[pri:0, instance:NewTest@2805c96b]" name="beforeClass" is-config="true" duration-ms="0" started-at="2017-10-14T17:43:09Z" finished-at="2017-10-14T17:43:09Z">
          <reporter-output>
          </reporter-output>
        </test-method> <!-- beforeClass -->
        <test-method status="PASS" signature="f()[pri:0, instance:NewTest@2805c96b]" name="f" duration-ms="20899" started-at="2017-10-14T17:43:09Z" finished-at="2017-10-14T17:43:30Z">
          <reporter-output>
          </reporter-output>
        </test-method> <!-- f -->
        <test-method status="PASS" signature="beforeMethod()[pri:0, instance:NewTest@2805c96b]" name="beforeMethod" is-config="true" duration-ms="0" started-at="2017-10-14T17:43:09Z" finished-at="2017-10-14T17:43:09Z">
          <reporter-output>
          </reporter-output>
        </test-method> <!-- beforeMethod -->
        <test-method status="PASS" signature="afterMethod()[pri:0, instance:NewTest@2805c96b]" name="afterMethod" is-config="true" duration-ms="1" started-at="2017-10-14T17:43:30Z" finished-at="2017-10-14T17:43:30Z">
          <reporter-output>
          </reporter-output>
        </test-method> <!-- afterMethod -->
        <test-method status="PASS" signature="afterClass()[pri:0, instance:NewTest@2805c96b]" name="afterClass" is-config="true" duration-ms="0" started-at="2017-10-14T17:43:30Z" finished-at="2017-10-14T17:43:30Z">
          <reporter-output>
          </reporter-output>
        </test-method> <!-- afterClass -->
        <test-method status="PASS" signature="afterTest()[pri:0, instance:NewTest@2805c96b]" name="afterTest" is-config="true" duration-ms="4" started-at="2017-10-14T17:43:30Z" finished-at="2017-10-14T17:43:30Z">
          <reporter-output>
          </reporter-output>
        </test-method> <!-- afterTest -->
        <test-method status="PASS" signature="afterSuite()[pri:0, instance:NewTest@2805c96b]" name="afterSuite" is-config="true" duration-ms="0" started-at="2017-10-14T17:43:30Z" finished-at="2017-10-14T17:43:30Z">
          <reporter-output>
          </reporter-output>
        </test-method> <!-- afterSuite -->
      </class> <!-- NewTest -->
    </test> <!-- Default test -->
  </suite> <!-- Default suite -->
</testng-results>
