<?xml version="1.0" encoding="UTF-8"?>
<testng-results skipped="0" failed="1" ignored="0" total="1" passed="0">
  <reporter-output>
  </reporter-output>
  <suite name="Default suite" duration-ms="27440" started-at="2017-10-10T09:38:00Z" finished-at="2017-10-10T09:38:28Z">
    <groups>
    </groups>
    <test name="Default test" duration-ms="27440" started-at="2017-10-10T09:38:00Z" finished-at="2017-10-10T09:38:28Z">
      <class name="NewTest">
        <test-method status="PASS" signature="beforeSuite()[pri:0, instance:NewTest@43ee72e6]" name="beforeSuite" is-config="true" duration-ms="15" started-at="2017-10-10T17:38:00Z" finished-at="2017-10-10T17:38:00Z">
          <reporter-output>
          </reporter-output>
        </test-method> <!-- beforeSuite -->
        <test-method status="PASS" signature="beforeTest()[pri:0, instance:NewTest@43ee72e6]" name="beforeTest" is-config="true" duration-ms="0" started-at="2017-10-10T17:38:00Z" finished-at="2017-10-10T17:38:00Z">
          <reporter-output>
          </reporter-output>
        </test-method> <!-- beforeTest -->
        <test-method status="PASS" signature="beforeClass()[pri:0, instance:NewTest@43ee72e6]" name="beforeClass" is-config="true" duration-ms="1" started-at="2017-10-10T17:38:00Z" finished-at="2017-10-10T17:38:00Z">
          <reporter-output>
          </reporter-output>
        </test-method> <!-- beforeClass -->
        <test-method status="FAIL" signature="f()[pri:0, instance:NewTest@43ee72e6]" name="f" duration-ms="27401" started-at="2017-10-10T17:38:00Z" finished-at="2017-10-10T17:38:28Z">
          <exception class="org.openqa.selenium.NoSuchElementException">
            <message>
              <![CDATA[no such element: Unable to locate element: {"method":"css selector","selector":"html body.dhxwins_vp_dhx_terrace.dhxlayout_base_dhx_terrace div.dhxlayout_cont div.dhx_cell_layout div.dhx_cell_toolbar_def div.dhx_toolbar_dhx_terrace.dhxtoolbar_icons_18 div.dhxtoolbar_float_left div.dhx_toolbar_btn.dhxtoolbar_btn_def img[src='../../css/icons/application_form_add.png']"}
  (Session info: chrome=61.0.3163.100)
  (Driver info: chromedriver=2.32.498537 (cb2f855cbc7b82e20387eaf9a43f6b99b6105061),platform=Mac OS X 10.10.5 x86_64) (WARNING: The server did not provide any stacktrace information)
Command duration or timeout: 0 milliseconds
For documentation on this error, please visit: http://seleniumhq.org/exceptions/no_such_element.html
Build info: version: '3.6.0', revision: '6fbf3ec767', time: '2017-09-27T15:28:36.4Z'
System info: host: 'Anonymous.local', ip: 'fe80:0:0:0:aebc:32ff:fe91:10d9%en0', os.name: 'Mac OS X', os.arch: 'x86_64', os.version: '10.10.5', java.version: '1.8.0_144'
Driver info: org.openqa.selenium.chrome.ChromeDriver
Capabilities [{mobileEmulationEnabled=false, hasTouchScreen=false, platform=MAC, acceptSslCerts=true, webStorageEnabled=true, browserName=chrome, takesScreenshot=true, javascriptEnabled=true, platformName=MAC, setWindowRect=true, unexpectedAlertBehaviour=, applicationCacheEnabled=false, rotatable=false, networkConnectionEnabled=false, chrome={chromedriverVersion=2.32.498537 (cb2f855cbc7b82e20387eaf9a43f6b99b6105061), userDataDir=/var/folders/wk/pnxty5_j535czdr0l44h45p00000gn/T/.org.chromium.Chromium.WWSTa2}, takesHeapSnapshot=true, pageLoadStrategy=normal, unhandledPromptBehavior=, databaseEnabled=false, handlesAlerts=true, version=61.0.3163.100, browserConnectionEnabled=false, nativeEvents=true, locationContextEnabled=true, cssSelectorsEnabled=true}]
Session ID: 79ea41590d4d9dfac21239135e76c225
*** Element info: {Using=css selector, value=html body.dhxwins_vp_dhx_terrace.dhxlayout_base_dhx_terrace div.dhxlayout_cont div.dhx_cell_layout div.dhx_cell_toolbar_def div.dhx_toolbar_dhx_terrace.dhxtoolbar_icons_18 div.dhxtoolbar_float_left div.dhx_toolbar_btn.dhxtoolbar_btn_def img[src='../../css/icons/application_form_add.png']}]]>
            </message>
            <full-stacktrace>
              <![CDATA[org.openqa.selenium.NoSuchElementException: no such element: Unable to locate element: {"method":"css selector","selector":"html body.dhxwins_vp_dhx_terrace.dhxlayout_base_dhx_terrace div.dhxlayout_cont div.dhx_cell_layout div.dhx_cell_toolbar_def div.dhx_toolbar_dhx_terrace.dhxtoolbar_icons_18 div.dhxtoolbar_float_left div.dhx_toolbar_btn.dhxtoolbar_btn_def img[src='../../css/icons/application_form_add.png']"}
  (Session info: chrome=61.0.3163.100)
  (Driver info: chromedriver=2.32.498537 (cb2f855cbc7b82e20387eaf9a43f6b99b6105061),platform=Mac OS X 10.10.5 x86_64) (WARNING: The server did not provide any stacktrace information)
Command duration or timeout: 0 milliseconds
For documentation on this error, please visit: http://seleniumhq.org/exceptions/no_such_element.html
Build info: version: '3.6.0', revision: '6fbf3ec767', time: '2017-09-27T15:28:36.4Z'
System info: host: 'Anonymous.local', ip: 'fe80:0:0:0:aebc:32ff:fe91:10d9%en0', os.name: 'Mac OS X', os.arch: 'x86_64', os.version: '10.10.5', java.version: '1.8.0_144'
Driver info: org.openqa.selenium.chrome.ChromeDriver
Capabilities [{mobileEmulationEnabled=false, hasTouchScreen=false, platform=MAC, acceptSslCerts=true, webStorageEnabled=true, browserName=chrome, takesScreenshot=true, javascriptEnabled=true, platformName=MAC, setWindowRect=true, unexpectedAlertBehaviour=, applicationCacheEnabled=false, rotatable=false, networkConnectionEnabled=false, chrome={chromedriverVersion=2.32.498537 (cb2f855cbc7b82e20387eaf9a43f6b99b6105061), userDataDir=/var/folders/wk/pnxty5_j535czdr0l44h45p00000gn/T/.org.chromium.Chromium.WWSTa2}, takesHeapSnapshot=true, pageLoadStrategy=normal, unhandledPromptBehavior=, databaseEnabled=false, handlesAlerts=true, version=61.0.3163.100, browserConnectionEnabled=false, nativeEvents=true, locationContextEnabled=true, cssSelectorsEnabled=true}]
Session ID: 79ea41590d4d9dfac21239135e76c225
*** Element info: {Using=css selector, value=html body.dhxwins_vp_dhx_terrace.dhxlayout_base_dhx_terrace div.dhxlayout_cont div.dhx_cell_layout div.dhx_cell_toolbar_def div.dhx_toolbar_dhx_terrace.dhxtoolbar_icons_18 div.dhxtoolbar_float_left div.dhx_toolbar_btn.dhxtoolbar_btn_def img[src='../../css/icons/application_form_add.png']}
	at sun.reflect.NativeConstructorAccessorImpl.newInstance0(Native Method)
	at sun.reflect.NativeConstructorAccessorImpl.newInstance(NativeConstructorAccessorImpl.java:62)
	at sun.reflect.DelegatingConstructorAccessorImpl.newInstance(DelegatingConstructorAccessorImpl.java:45)
	at java.lang.reflect.Constructor.newInstance(Constructor.java:423)
	at org.openqa.selenium.remote.ErrorHandler.createThrowable(ErrorHandler.java:214)
	at org.openqa.selenium.remote.ErrorHandler.throwIfResponseFailed(ErrorHandler.java:166)
	at org.openqa.selenium.remote.http.JsonHttpResponseCodec.reconstructValue(JsonHttpResponseCodec.java:40)
	at org.openqa.selenium.remote.http.AbstractHttpResponseCodec.decode(AbstractHttpResponseCodec.java:82)
	at org.openqa.selenium.remote.http.AbstractHttpResponseCodec.decode(AbstractHttpResponseCodec.java:45)
	at org.openqa.selenium.remote.HttpCommandExecutor.execute(HttpCommandExecutor.java:164)
	at org.openqa.selenium.remote.service.DriverCommandExecutor.execute(DriverCommandExecutor.java:83)
	at org.openqa.selenium.remote.RemoteWebDriver.execute(RemoteWebDriver.java:586)
	at org.openqa.selenium.remote.RemoteWebDriver.findElement(RemoteWebDriver.java:356)
	at org.openqa.selenium.remote.RemoteWebDriver.findElementByCssSelector(RemoteWebDriver.java:450)
	at commons.DoAccount.toBasicAcctPage(DoAccount.java:47)
	at NewTest.f(NewTest.java:23)
	at sun.reflect.NativeMethodAccessorImpl.invoke0(Native Method)
	at sun.reflect.NativeMethodAccessorImpl.invoke(NativeMethodAccessorImpl.java:62)
	at sun.reflect.DelegatingMethodAccessorImpl.invoke(DelegatingMethodAccessorImpl.java:43)
	at java.lang.reflect.Method.invoke(Method.java:498)
	at org.testng.internal.MethodInvocationHelper.invokeMethod(MethodInvocationHelper.java:108)
	at org.testng.internal.Invoker.invokeMethod(Invoker.java:661)
	at org.testng.internal.Invoker.invokeTestMethod(Invoker.java:869)
	at org.testng.internal.Invoker.invokeTestMethods(Invoker.java:1193)
	at org.testng.internal.TestMethodWorker.invokeTestMethods(TestMethodWorker.java:126)
	at org.testng.internal.TestMethodWorker.run(TestMethodWorker.java:109)
	at org.testng.TestRunner.privateRun(TestRunner.java:744)
	at org.testng.TestRunner.run(TestRunner.java:602)
	at org.testng.SuiteRunner.runTest(SuiteRunner.java:380)
	at org.testng.SuiteRunner.runSequentially(SuiteRunner.java:375)
	at org.testng.SuiteRunner.privateRun(SuiteRunner.java:340)
	at org.testng.SuiteRunner.run(SuiteRunner.java:289)
	at org.testng.SuiteRunnerWorker.runSuite(SuiteRunnerWorker.java:52)
	at org.testng.SuiteRunnerWorker.run(SuiteRunnerWorker.java:86)
	at org.testng.TestNG.runSuitesSequentially(TestNG.java:1301)
	at org.testng.TestNG.runSuitesLocally(TestNG.java:1226)
	at org.testng.TestNG.runSuites(TestNG.java:1144)
	at org.testng.TestNG.run(TestNG.java:1115)
	at org.testng.remote.AbstractRemoteTestNG.run(AbstractRemoteTestNG.java:114)
	at org.testng.remote.RemoteTestNG.initAndRun(RemoteTestNG.java:251)
	at org.testng.remote.RemoteTestNG.main(RemoteTestNG.java:77)
]]>
            </full-stacktrace>
          </exception> <!-- org.openqa.selenium.NoSuchElementException -->
          <reporter-output>
          </reporter-output>
        </test-method> <!-- f -->
        <test-method status="PASS" signature="beforeMethod()[pri:0, instance:NewTest@43ee72e6]" name="beforeMethod" is-config="true" duration-ms="0" started-at="2017-10-10T17:38:00Z" finished-at="2017-10-10T17:38:00Z">
          <reporter-output>
          </reporter-output>
        </test-method> <!-- beforeMethod -->
        <test-method status="PASS" signature="afterMethod()[pri:0, instance:NewTest@43ee72e6]" name="afterMethod" is-config="true" duration-ms="0" started-at="2017-10-10T17:38:28Z" finished-at="2017-10-10T17:38:28Z">
          <reporter-output>
          </reporter-output>
        </test-method> <!-- afterMethod -->
        <test-method status="PASS" signature="afterClass()[pri:0, instance:NewTest@43ee72e6]" name="afterClass" is-config="true" duration-ms="0" started-at="2017-10-10T17:38:28Z" finished-at="2017-10-10T17:38:28Z">
          <reporter-output>
          </reporter-output>
        </test-method> <!-- afterClass -->
        <test-method status="PASS" signature="afterTest()[pri:0, instance:NewTest@43ee72e6]" name="afterTest" is-config="true" duration-ms="0" started-at="2017-10-10T17:38:28Z" finished-at="2017-10-10T17:38:28Z">
          <reporter-output>
          </reporter-output>
        </test-method> <!-- afterTest -->
        <test-method status="PASS" signature="afterSuite()[pri:0, instance:NewTest@43ee72e6]" name="afterSuite" is-config="true" duration-ms="1" started-at="2017-10-10T17:38:28Z" finished-at="2017-10-10T17:38:28Z">
          <reporter-output>
          </reporter-output>
        </test-method> <!-- afterSuite -->
      </class> <!-- NewTest -->
    </test> <!-- Default test -->
  </suite> <!-- Default suite -->
</testng-results>
